2025-11-19 17:44:29,077 [INFO] ==== Starting time extraction ====
2025-11-19 17:44:29,077 [INFO] Starting DCS WebGUI mission time extraction...
2025-11-19 17:44:30,660 [INFO] Waiting for 'Server detected' popup...
2025-11-19 17:44:31,198 [INFO] Server detected!
2025-11-19 17:44:31,198 [INFO] Clicking CONNECT button...
2025-11-19 17:44:31,273 [INFO] Waiting 20 seconds for dashboard to load...
2025-11-19 17:44:51,273 [INFO] Extracting mission filename from dashboard...
2025-11-19 17:44:51,298 [INFO] Loaded mission: C:\Users\dcsadmin\Saved Games\DCS.dcs_serverrelease\Missions\MA_Foothold_SY_extended_2.4.5_Coldwar-Modern.miz
2025-11-19 17:44:51,298 [INFO] Normalized loaded:   c:/users/dcsadmin/saved games/dcs.dcs_serverrelease/missions/ma_foothold_sy_extended_2.4.5_coldwar-modern.miz
2025-11-19 17:44:51,300 [INFO] Normalized expected: c:/users/dcsadmin/saved games/dcs.dcs_serverrelease/missions/ma_foothold_sy_extended_2.4.5_coldwar-modern.miz
2025-11-19 17:44:51,300 [INFO] Extracting mission time...
2025-11-19 17:44:51,323 [INFO] Mission time extracted: 00:12:41 (761 seconds)
2025-11-19 17:44:53,469 [INFO] Saved extracted time into extracted_time.json
2025-11-19 17:44:53,469 [INFO] ==== Extraction DONE ====
2025-11-19 17:47:32,490 [INFO] ==== Starting time extraction ====
2025-11-19 17:47:32,490 [INFO] Starting DCS WebGUI mission time extraction...
2025-11-19 17:47:34,085 [INFO] Waiting for 'Server detected' popup...
2025-11-19 17:47:34,622 [INFO] Server detected!
2025-11-19 17:47:34,623 [INFO] Clicking CONNECT button...
2025-11-19 17:47:34,695 [INFO] Waiting 20 seconds for dashboard to load...
2025-11-19 17:47:54,695 [INFO] Extracting mission filename from dashboard...
2025-11-19 17:48:34,720 [ERROR] Time extraction ERROR: Message: 
Stacktrace:
Symbols not available. Dumping unresolved backtrace:
	0x7ff7652ca235
	0x7ff765022630
	0x7ff764db16dd
	0x7ff764e0a27e
	0x7ff764e0a58c
	0x7ff764e5ed77
	0x7ff764e5baba
	0x7ff764dfb0ed
	0x7ff764dfbf63
	0x7ff7652f5d60
	0x7ff7652efe8a
	0x7ff765311005
	0x7ff76503d71e
	0x7ff765044e1f
	0x7ff76502b7c4
	0x7ff76502b97f
	0x7ff7650118e8
	0x7ff93c11e8d7
	0x7ff93c46c53c
Traceback (most recent call last):
  File "D:\Persistencia\app\time_reader.py", line 127, in extract_time_and_mission
    mission_elem = wait.until(
        EC.visibility_of_element_located((By.CSS_SELECTOR, CSS_MISSION_FILENAME))
    )
  File "C:\Users\dcsadmin\AppData\Local\Programs\Python\Python313\Lib\site-packages\selenium\webdriver\support\wait.py", line 138, in until
    raise TimeoutException(message, screen, stacktrace)
selenium.common.exceptions.TimeoutException: Message: 
Stacktrace:
Symbols not available. Dumping unresolved backtrace:
	0x7ff7652ca235
	0x7ff765022630
	0x7ff764db16dd
	0x7ff764e0a27e
	0x7ff764e0a58c
	0x7ff764e5ed77
	0x7ff764e5baba
	0x7ff764dfb0ed
	0x7ff764dfbf63
	0x7ff7652f5d60
	0x7ff7652efe8a
	0x7ff765311005
	0x7ff76503d71e
	0x7ff765044e1f
	0x7ff76502b7c4
	0x7ff76502b97f
	0x7ff7650118e8
	0x7ff93c11e8d7
	0x7ff93c46c53c

2025-11-19 17:48:36,858 [ERROR] Mission extraction failed (mismatch or scraping error).
2025-11-19 17:48:36,859 [INFO] [Notifier] Sending ERROR notification to Discord...
2025-11-19 17:51:46,022 [INFO] ==== Starting time extraction ====
2025-11-19 17:51:46,023 [INFO] Starting DCS WebGUI mission time extraction...
2025-11-19 17:51:47,605 [INFO] Waiting for 'Server detected' popup...
2025-11-19 17:51:48,143 [INFO] Server detected!
2025-11-19 17:51:48,143 [INFO] Clicking CONNECT button...
2025-11-19 17:51:48,217 [INFO] Waiting 20 seconds for dashboard to load...
2025-11-19 17:52:08,217 [INFO] Extracting mission filename from dashboard...
2025-11-19 17:52:08,243 [INFO] Loaded mission: C:\Users\dcsadmin\Saved Games\DCS.dcs_serverrelease\Missions\MA_Foothold_SY_extended_2.4.5_Coldwar-Modern.miz
2025-11-19 17:52:08,244 [INFO] Normalized loaded:   c:/users/dcsadmin/saved games/dcs.dcs_serverrelease/missions/ma_foothold_sy_extended_2.4.5_coldwar-modern.miz
2025-11-19 17:52:08,244 [INFO] Normalized expected: c:/users/dcsadmin/saved games/dcs.dcs_serverrelease/missions/ma_foothold_sy_extended_2.4.5_coldwar-modern.miz
2025-11-19 17:52:08,244 [INFO] Extracting mission time...
2025-11-19 17:52:08,274 [INFO] Mission time extracted: 00:19:58 (1198 seconds)
2025-11-19 17:52:10,402 [INFO] Saved extracted time into extracted_time.json
2025-11-19 17:52:10,402 [INFO] ==== Extraction DONE ====
2025-11-19 18:02:26,573 [INFO] ==== Starting DCS Persistence Process ====
2025-11-19 18:02:26,573 [INFO] Extracting mission time from DCS WebGUI...
2025-11-19 18:02:26,573 [INFO] Starting DCS WebGUI mission time extraction...
2025-11-19 18:02:28,466 [INFO] Waiting for 'Server detected' popup...
2025-11-19 18:02:29,005 [INFO] Server detected!
2025-11-19 18:02:29,005 [INFO] Clicking CONNECT button...
2025-11-19 18:02:29,084 [INFO] Waiting 20 seconds for dashboard to load...
2025-11-19 18:02:49,084 [INFO] Extracting mission filename from dashboard...
2025-11-19 18:02:49,107 [INFO] Loaded mission: C:\Users\dcsadmin\Saved Games\DCS.dcs_serverrelease\Missions\MA_Foothold_SY_extended_2.4.5_Coldwar-Modern.miz
2025-11-19 18:02:49,107 [INFO] Normalized loaded:   c:/users/dcsadmin/saved games/dcs.dcs_serverrelease/missions/ma_foothold_sy_extended_2.4.5_coldwar-modern.miz
2025-11-19 18:02:49,107 [INFO] Normalized expected: c:/users/dcsadmin/saved games/dcs.dcs_serverrelease/missions/ma_foothold_sy_extended_2.4.5_coldwar-modern.miz
2025-11-19 18:02:49,107 [INFO] Extracting mission time...
2025-11-19 18:02:49,134 [INFO] Mission time extracted: 00:30:39 (1839 seconds)
2025-11-19 18:02:51,281 [INFO] Mission time extracted successfully: 00:30:39 (1839 seconds)
2025-11-19 18:02:51,282 [INFO] Saved extracted time into extracted_time.json
2025-11-19 18:02:51,282 [INFO] Updating mission MIZ file with the new start_time...
2025-11-19 18:02:51,282 [INFO] Updating MIZ start_time in: C:\Users\dcsadmin\Saved Games\DCS.dcs_serverrelease\missions\MA_Foothold_SY_extended_2.4.5_Coldwar-Modern.miz
2025-11-19 18:02:51,282 [INFO] Seconds to add: 1839
2025-11-19 18:02:51,284 [INFO] Running 7zip: C:\Program Files\7-Zip\7z.exe e C:\Users\dcsadmin\Saved Games\DCS.dcs_serverrelease\missions\MA_Foothold_SY_extended_2.4.5_Coldwar-Modern.miz mission -oC:\Users\dcsadmin\AppData\Local\Temp\tmph1h6o5_w -y
2025-11-19 18:02:51,414 [INFO] Original start_time: 23000
2025-11-19 18:02:51,414 [INFO] New start_time: 24839
2025-11-19 18:02:51,514 [INFO] Running 7zip: C:\Program Files\7-Zip\7z.exe u C:\Users\dcsadmin\Saved Games\DCS.dcs_serverrelease\missions\MA_Foothold_SY_extended_2.4.5_Coldwar-Modern.miz C:\Users\dcsadmin\AppData\Local\Temp\tmph1h6o5_w\mission -y
2025-11-19 18:02:52,242 [ERROR] 7zip error: 

System ERROR:
El proceso no tiene acceso al archivo porque est  siendo utilizado por otro proceso.

2025-11-19 18:02:52,243 [INFO] [Notifier] Sending ERROR notification to Discord...
2025-11-19 18:02:52,948 [ERROR] Failed to update mission inside MIZ.
2025-11-19 18:02:52,948 [INFO] [Notifier] Sending ERROR notification to Discord...
2025-11-19 18:02:53,665 [ERROR] Failed to update MIZ start_time.
2025-11-19 18:02:53,665 [INFO] [Notifier] Sending ERROR notification to Discord...
2025-11-19 18:06:05,994 [INFO] ==== Starting DCS Persistence Process ====
2025-11-19 18:06:05,994 [INFO] Extracting mission time from DCS WebGUI...
2025-11-19 18:06:05,994 [INFO] Starting DCS WebGUI mission time extraction...
2025-11-19 18:06:07,614 [INFO] Waiting for 'Server detected' popup...
2025-11-19 18:06:08,152 [INFO] Server detected!
2025-11-19 18:06:08,152 [INFO] Clicking CONNECT button...
2025-11-19 18:06:08,226 [INFO] Waiting 20 seconds for dashboard to load...
2025-11-19 18:06:28,226 [INFO] Extracting mission filename from dashboard...
2025-11-19 18:06:28,251 [INFO] Loaded mission: C:\Users\dcsadmin\Saved Games\DCS.dcs_serverrelease\Missions\MA_Foothold_SY_extended_2.4.5_Coldwar-Modern.miz
2025-11-19 18:06:28,251 [INFO] Normalized loaded:   c:/users/dcsadmin/saved games/dcs.dcs_serverrelease/missions/ma_foothold_sy_extended_2.4.5_coldwar-modern.miz
2025-11-19 18:06:28,251 [INFO] Normalized expected: c:/users/dcsadmin/saved games/dcs.dcs_serverrelease/missions/ma_foothold_sy_extended_2.4.5_coldwar-modern.miz
2025-11-19 18:06:28,251 [INFO] Extracting mission time...
2025-11-19 18:06:28,277 [INFO] Mission time extracted: 00:34:16 (2056 seconds)
2025-11-19 18:06:30,437 [INFO] Mission time extracted successfully: 00:34:16 (2056 seconds)
2025-11-19 18:06:30,438 [INFO] Saved extracted time into extracted_time.json
2025-11-19 18:06:30,438 [INFO] Updating mission MIZ file with the new start_time...
2025-11-19 18:06:30,438 [INFO] Preparing to update MIZ start_time: C:\Users\dcsadmin\Saved Games\DCS.dcs_serverrelease\missions\MA_Foothold_SY_extended_2.4.5_Coldwar-Modern.miz
2025-11-19 18:06:30,438 [INFO] Seconds to add: 2056
2025-11-19 18:06:30,438 [INFO] Checking if DCS_server.exe is running...
2025-11-19 18:06:30,442 [WARNING] DCS_server.exe detected (PID 3060). Killing process...
2025-11-19 18:06:30,442 [INFO] [Notifier] Sending WARNING notification to Discord...
2025-11-19 18:06:31,197 [INFO] DCS_server.exe killed successfully. Waiting 15 seconds...
2025-11-19 18:06:46,200 [INFO] Running 7zip: C:\Program Files\7-Zip\7z.exe e C:\Users\dcsadmin\Saved Games\DCS.dcs_serverrelease\missions\MA_Foothold_SY_extended_2.4.5_Coldwar-Modern.miz mission -oC:\Users\dcsadmin\AppData\Local\Temp\tmpw6q7rb7f -y
2025-11-19 18:06:46,317 [INFO] Original start_time (LAST): 23000
2025-11-19 18:06:46,317 [INFO] New start_time: 25056
2025-11-19 18:06:46,414 [INFO] Running 7zip: C:\Program Files\7-Zip\7z.exe u C:\Users\dcsadmin\Saved Games\DCS.dcs_serverrelease\missions\MA_Foothold_SY_extended_2.4.5_Coldwar-Modern.miz C:\Users\dcsadmin\AppData\Local\Temp\tmpw6q7rb7f\mission -y
2025-11-19 18:06:47,130 [INFO] Mission start_time successfully updated.
2025-11-19 18:06:47,131 [INFO] ==== Persistence update COMPLETED SUCCESSFULLY ====
2025-11-19 18:11:56,757 [INFO] ==== Starting DCS Persistence Process ====
2025-11-19 18:11:56,757 [INFO] Extracting mission time from DCS WebGUI...
2025-11-19 18:11:56,757 [INFO] Starting DCS WebGUI mission time extraction...
2025-11-19 18:11:58,309 [INFO] Waiting for 'Server detected' popup...
2025-11-19 18:11:58,845 [ERROR] Unexpected server detected text: Checking server status...
2025-11-19 18:12:00,958 [ERROR] Mission extraction failed (mismatch or scraping error).
2025-11-19 18:12:00,959 [INFO] [Notifier] Sending ERROR notification to Discord...
2025-11-19 18:15:50,496 [INFO] ==== Starting DCS Persistence Process ====
2025-11-19 18:15:50,497 [INFO] Extracting mission time from DCS WebGUI...
2025-11-19 18:15:50,497 [INFO] Starting DCS WebGUI mission time extraction...
2025-11-19 18:15:52,102 [INFO] Waiting for 'Server detected' popup...
2025-11-19 18:15:52,640 [INFO] Server detected!
2025-11-19 18:15:52,640 [INFO] Clicking CONNECT button...
2025-11-19 18:15:52,711 [INFO] Waiting 20 seconds for dashboard to load...
2025-11-19 18:16:12,711 [INFO] Extracting mission filename from dashboard...
2025-11-19 18:16:12,732 [INFO] Loaded mission: C:\Users\dcsadmin\Saved Games\DCS.dcs_serverrelease\Missions\MA_Foothold_SY_extended_2.4.5_Coldwar-Modern.miz
2025-11-19 18:16:12,732 [INFO] Normalized loaded:   c:/users/dcsadmin/saved games/dcs.dcs_serverrelease/missions/ma_foothold_sy_extended_2.4.5_coldwar-modern.miz
2025-11-19 18:16:12,733 [INFO] Normalized expected: c:/users/dcsadmin/saved games/dcs.dcs_serverrelease/missions/ma_foothold_sy_extended_2.4.5_coldwar-modern.miz
2025-11-19 18:16:12,733 [INFO] Extracting mission time...
2025-11-19 18:16:12,752 [INFO] Mission time extracted: 00:00:00 (0 seconds)
2025-11-19 18:16:14,889 [INFO] Mission time extracted successfully: 00:00:00 (0 seconds)
2025-11-19 18:16:14,890 [INFO] Saved extracted time into extracted_time.json
2025-11-19 18:16:14,890 [INFO] Updating mission MIZ file with the new start_time...
2025-11-19 18:16:14,890 [INFO] Preparing to update MIZ: C:\Users\dcsadmin\Saved Games\DCS.dcs_serverrelease\missions\MA_Foothold_SY_extended_2.4.5_Coldwar-Modern.miz
2025-11-19 18:16:14,890 [INFO] Seconds to add to start_time: 0
2025-11-19 18:16:14,890 [INFO] Checking if DCS_server.exe is running...
2025-11-19 18:16:14,892 [INFO] DCS_server.exe detected (PID 1432). Stopping it to update mission...
2025-11-19 18:16:14,892 [INFO] [Notifier] Sending INFO notification to Discord...
2025-11-19 18:16:15,683 [INFO] DCS_server.exe stopped successfully. Waiting 15 seconds before mission update...
2025-11-19 18:16:30,686 [INFO] Running 7zip: C:\Program Files\7-Zip\7z.exe e C:\Users\dcsadmin\Saved Games\DCS.dcs_serverrelease\missions\MA_Foothold_SY_extended_2.4.5_Coldwar-Modern.miz mission -oC:\Users\dcsadmin\AppData\Local\Temp\tmpp4cabsww -y
2025-11-19 18:16:30,826 [INFO] Original start_time (last occurrence): 25056
2025-11-19 18:16:30,826 [INFO] New start_time: 25056
2025-11-19 18:16:30,923 [INFO] Running 7zip: C:\Program Files\7-Zip\7z.exe u C:\Users\dcsadmin\Saved Games\DCS.dcs_serverrelease\missions\MA_Foothold_SY_extended_2.4.5_Coldwar-Modern.miz C:\Users\dcsadmin\AppData\Local\Temp\tmpp4cabsww\mission -y
2025-11-19 18:16:31,625 [INFO] Starting DCS server: C:\Program Files\Eagle Dynamics\DCS World Server\bin\DCS_server.exe
2025-11-19 18:16:31,629 [INFO] DCS_server.exe started successfully.
2025-11-19 18:16:31,629 [INFO] [Notifier] Sending INFO notification to Discord...
2025-11-19 18:16:32,438 [INFO] Mission start_time updated and DCS server restarted successfully.
2025-11-19 18:16:32,440 [INFO] ==== Persistence update COMPLETED SUCCESSFULLY ====
2025-11-19 18:29:51,315 [INFO] ==== Starting DCS Persistence Process ====
2025-11-19 18:29:51,316 [INFO] Extracting mission time from DCS WebGUI...
2025-11-19 18:29:51,316 [INFO] Starting DCS WebGUI mission time extraction...
2025-11-19 18:29:52,926 [INFO] Waiting for 'Server detected' popup...
2025-11-19 18:29:53,462 [INFO] Server detected!
2025-11-19 18:29:53,462 [INFO] Clicking CONNECT button...
2025-11-19 18:29:53,534 [INFO] Waiting 20 seconds for dashboard to load...
2025-11-19 18:30:13,534 [INFO] Extracting mission filename from dashboard...
2025-11-19 18:30:13,558 [INFO] Loaded mission: C:\Users\dcsadmin\Saved Games\DCS.dcs_serverrelease\Missions\MA_Foothold_SY_extended_2.4.5_Coldwar-Modern.miz
2025-11-19 18:30:13,558 [INFO] Normalized loaded:   c:/users/dcsadmin/saved games/dcs.dcs_serverrelease/missions/ma_foothold_sy_extended_2.4.5_coldwar-modern.miz
2025-11-19 18:30:13,558 [INFO] Normalized expected: c:/users/dcsadmin/saved games/dcs.dcs_serverrelease/missions/ma_foothold_sy_extended_2.4.5_coldwar-modern.miz
2025-11-19 18:30:13,558 [INFO] Extracting mission time...
2025-11-19 18:30:13,588 [INFO] Mission time extracted: 00:11:12 (672 seconds)
2025-11-19 18:30:15,727 [INFO] Mission time extracted successfully: 00:11:12 (672 seconds)
2025-11-19 18:30:15,728 [INFO] Saved extracted time into extracted_time.json
2025-11-19 18:30:15,728 [INFO] Updating mission MIZ file with the new start_time...
2025-11-19 18:30:15,728 [INFO] Preparing to update MIZ: C:\Users\dcsadmin\Saved Games\DCS.dcs_serverrelease\missions\MA_Foothold_SY_extended_2.4.5_Coldwar-Modern.miz
2025-11-19 18:30:15,728 [INFO] Seconds to add to start_time: 672
2025-11-19 18:30:15,728 [INFO] Checking if DCS_server.exe is running...
2025-11-19 18:30:15,740 [INFO] DCS_server.exe detected (PID 15732). Stopping it to update mission...
2025-11-19 18:30:15,740 [INFO] [Notifier] Sending INFO notification to Discord...
2025-11-19 18:30:16,493 [INFO] DCS_server.exe stopped successfully. Waiting 15 seconds before mission update...
2025-11-19 18:30:31,496 [INFO] Running 7zip: C:\Program Files\7-Zip\7z.exe e C:\Users\dcsadmin\Saved Games\DCS.dcs_serverrelease\missions\MA_Foothold_SY_extended_2.4.5_Coldwar-Modern.miz mission -oC:\Users\dcsadmin\AppData\Local\Temp\tmpozbpvtzk -y
2025-11-19 18:30:31,660 [INFO] Original start_time (last occurrence): 25056
2025-11-19 18:30:31,660 [INFO] New start_time: 25728
2025-11-19 18:30:31,767 [INFO] Running 7zip: C:\Program Files\7-Zip\7z.exe u C:\Users\dcsadmin\Saved Games\DCS.dcs_serverrelease\missions\MA_Foothold_SY_extended_2.4.5_Coldwar-Modern.miz C:\Users\dcsadmin\AppData\Local\Temp\tmpozbpvtzk\mission -y
2025-11-19 18:30:32,539 [INFO] Starting DCS server: C:\Program Files\Eagle Dynamics\DCS World Server\bin\DCS_server.exe
2025-11-19 18:30:32,543 [INFO] DCS_server.exe started successfully.
2025-11-19 18:30:32,543 [INFO] [Notifier] Sending INFO notification to Discord...
2025-11-19 18:30:33,251 [INFO] Mission start_time updated and DCS server restarted successfully.
2025-11-19 18:30:33,253 [INFO] ==== Persistence update COMPLETED SUCCESSFULLY ====
2025-11-19 18:35:00,688 [INFO] ==== Starting DCS Persistence Process ====
2025-11-19 18:35:00,688 [INFO] Extracting mission time from DCS WebGUI...
2025-11-19 18:35:00,688 [INFO] Starting DCS WebGUI mission time extraction...
2025-11-19 18:35:02,431 [INFO] Waiting for 'Server detected' popup...
2025-11-19 18:35:02,968 [INFO] Server detected!
2025-11-19 18:35:02,968 [INFO] Clicking CONNECT button...
2025-11-19 18:35:03,037 [INFO] Waiting 20 seconds for dashboard to load...
2025-11-19 18:35:23,038 [INFO] Extracting mission filename from dashboard...
2025-11-19 18:35:23,060 [INFO] Loaded mission: C:\Users\dcsadmin\Saved Games\DCS.dcs_serverrelease\Missions\MA_Foothold_SY_extended_2.4.5_Coldwar-Modern.miz
2025-11-19 18:35:23,060 [INFO] Normalized loaded:   c:/users/dcsadmin/saved games/dcs.dcs_serverrelease/missions/ma_foothold_sy_extended_2.4.5_coldwar-modern.miz
2025-11-19 18:35:23,060 [INFO] Normalized expected: c:/users/dcsadmin/saved games/dcs.dcs_serverrelease/missions/ma_foothold_sy_extended_2.4.5_coldwar-modern.miz
2025-11-19 18:35:23,060 [INFO] Extracting mission time...
2025-11-19 18:35:23,080 [INFO] Mission time extracted: 00:00:00 (0 seconds)
2025-11-19 18:35:25,280 [INFO] Mission time extracted successfully: 00:00:00 (0 seconds)
2025-11-19 18:35:25,281 [INFO] Saved extracted time into extracted_time.json
2025-11-19 18:35:25,281 [INFO] Updating mission MIZ file with the new start_time...
2025-11-19 18:35:25,281 [INFO] Preparing to update MIZ: C:\Users\dcsadmin\Saved Games\DCS.dcs_serverrelease\missions\MA_Foothold_SY_extended_2.4.5_Coldwar-Modern.miz
2025-11-19 18:35:25,281 [INFO] Seconds to add to start_time: 0
2025-11-19 18:35:25,281 [INFO] Checking if DCS_server.exe is running...
2025-11-19 18:35:25,288 [INFO] DCS_server.exe detected (PID 16696). Stopping it to update mission...
2025-11-19 18:35:25,289 [INFO] [Notifier] Sending INFO notification to Discord...
2025-11-19 18:35:25,983 [INFO] DCS_server.exe stopped successfully. Waiting 15 seconds before mission update...
2025-11-19 18:35:40,986 [INFO] Running 7zip: C:\Program Files\7-Zip\7z.exe e C:\Users\dcsadmin\Saved Games\DCS.dcs_serverrelease\missions\MA_Foothold_SY_extended_2.4.5_Coldwar-Modern.miz mission -oC:\Users\dcsadmin\AppData\Local\Temp\tmpr3e1kizm -y
2025-11-19 18:35:41,119 [INFO] Original start_time (last occurrence): 25728
2025-11-19 18:35:41,119 [INFO] New start_time: 25728
2025-11-19 18:35:41,215 [INFO] Running 7zip: C:\Program Files\7-Zip\7z.exe u C:\Users\dcsadmin\Saved Games\DCS.dcs_serverrelease\missions\MA_Foothold_SY_extended_2.4.5_Coldwar-Modern.miz C:\Users\dcsadmin\AppData\Local\Temp\tmpr3e1kizm\mission -y
2025-11-19 18:35:41,886 [INFO] Starting DCS server: C:\Program Files\Eagle Dynamics\DCS World Server\bin\DCS_server.exe
2025-11-19 18:35:41,894 [INFO] DCS_server.exe started successfully.
2025-11-19 18:35:41,894 [INFO] [Notifier] Sending INFO notification to Discord...
2025-11-19 18:35:42,730 [INFO] Mission start_time updated and DCS server restarted successfully.
2025-11-19 18:35:42,731 [INFO] ==== Persistence update COMPLETED SUCCESSFULLY ====
2025-11-19 18:50:01,652 [INFO] ==== Starting DCS Persistence Process ====
2025-11-19 18:50:01,652 [INFO] Extracting mission time from DCS WebGUI...
2025-11-19 18:50:01,653 [INFO] Starting DCS WebGUI mission time extraction...
2025-11-19 18:50:03,250 [INFO] Waiting for 'Server detected' popup...
2025-11-19 18:50:03,786 [INFO] Server detected!
2025-11-19 18:50:03,787 [INFO] Clicking CONNECT button...
2025-11-19 18:50:03,859 [INFO] Waiting 20 seconds for dashboard to load...
2025-11-19 18:50:23,860 [INFO] Extracting mission filename from dashboard...
2025-11-19 18:50:23,882 [INFO] Loaded mission: C:\Users\dcsadmin\Saved Games\DCS.dcs_serverrelease\Missions\MA_Foothold_SY_extended_2.4.5_Coldwar-Modern.miz
2025-11-19 18:50:23,882 [INFO] Normalized loaded:   c:/users/dcsadmin/saved games/dcs.dcs_serverrelease/missions/ma_foothold_sy_extended_2.4.5_coldwar-modern.miz
2025-11-19 18:50:23,882 [INFO] Normalized expected: c:/users/dcsadmin/saved games/dcs.dcs_serverrelease/missions/ma_foothold_sy_extended_2.4.5_coldwar-modern.miz
2025-11-19 18:50:23,882 [INFO] Extracting mission time...
2025-11-19 18:50:23,902 [INFO] Mission time extracted: 00:00:00 (0 seconds)
2025-11-19 18:50:26,166 [INFO] Mission time extracted successfully: 00:00:00 (0 seconds)
2025-11-19 18:50:26,167 [INFO] Saved extracted time into extracted_time.json
2025-11-19 18:50:26,167 [INFO] Updating mission MIZ file with the new start_time...
2025-11-19 18:50:26,167 [INFO] Preparing to update MIZ: C:\Users\dcsadmin\Saved Games\DCS.dcs_serverrelease\missions\MA_Foothold_SY_extended_2.4.5_Coldwar-Modern.miz
2025-11-19 18:50:26,167 [INFO] Seconds to add to start_time: 0
2025-11-19 18:50:26,167 [INFO] Checking if DCS_server.exe is running...
2025-11-19 18:50:26,174 [INFO] DCS_server.exe detected (PID 14904). Stopping it to update mission...
2025-11-19 18:50:26,174 [INFO] [Notifier] Sending INFO notification to Discord...
2025-11-19 18:50:26,894 [INFO] DCS_server.exe stopped successfully. Waiting 15 seconds before mission update...
2025-11-19 18:50:41,897 [INFO] Running 7zip: C:\Program Files\7-Zip\7z.exe e C:\Users\dcsadmin\Saved Games\DCS.dcs_serverrelease\missions\MA_Foothold_SY_extended_2.4.5_Coldwar-Modern.miz mission -oC:\Users\dcsadmin\AppData\Local\Temp\tmp7s2utdm0 -y
2025-11-19 18:50:42,031 [INFO] Original start_time (last occurrence): 25728
2025-11-19 18:50:42,031 [INFO] New start_time: 25728
2025-11-19 18:50:42,123 [INFO] Running 7zip: C:\Program Files\7-Zip\7z.exe u C:\Users\dcsadmin\Saved Games\DCS.dcs_serverrelease\missions\MA_Foothold_SY_extended_2.4.5_Coldwar-Modern.miz C:\Users\dcsadmin\AppData\Local\Temp\tmp7s2utdm0\mission -y
2025-11-19 18:50:42,813 [INFO] Starting DCS server: C:\Program Files\Eagle Dynamics\DCS World Server\bin\DCS_server.exe
2025-11-19 18:50:42,816 [INFO] DCS_server.exe started successfully.
2025-11-19 18:50:42,817 [INFO] [Notifier] Sending INFO notification to Discord...
2025-11-19 18:50:43,579 [INFO] Mission start_time updated and DCS server restarted successfully.
2025-11-19 18:50:43,580 [INFO] ==== Persistence update COMPLETED SUCCESSFULLY ====
2025-11-19 22:39:01,797 [INFO] ==== Starting DCS Persistence Orchestrator ====
2025-11-19 22:39:01,807 [INFO] Hour persistence enabled: False
2025-11-19 22:39:01,807 [INFO] Weather rotation enabled: True
2025-11-19 22:39:01,807 [INFO] Hour persistence disabled in config. Skipping time extraction and .miz time update.
2025-11-19 22:39:01,807 [INFO] ---- Weather rotation process START ----
2025-11-19 22:39:01,808 [INFO] [Weather] ==== Starting dynamic weather rotation ====
2025-11-19 22:39:01,808 [INFO] [Weather] Mission file: C:\Users\dcsadmin\Saved Games\DCS.dcs_serverrelease\missions\MA_Foothold_SY_extended_2.4.5_Coldwar-Modern.miz
2025-11-19 22:39:01,808 [INFO] [Weather] Season: realistic
2025-11-19 22:39:01,808 [INFO] [Weather] Bad weather percentage: 40%
2025-11-19 22:39:01,808 [INFO] [Weather] Checking if DCS_server.exe is running...
2025-11-19 22:39:01,818 [INFO] [Weather] DCS_server.exe detected (PID 15968). Stopping it to update weather...
2025-11-19 22:39:01,818 [INFO] [Notifier] Sending INFO notification to Discord...
2025-11-19 22:39:02,557 [INFO] [Weather] DCS_server.exe stopped successfully. Waiting 15 seconds...
2025-11-19 22:39:17,560 [INFO] [Weather] Running 7zip: C:\Program Files\7-Zip\7z.exe e C:\Users\dcsadmin\Saved Games\DCS.dcs_serverrelease\missions\MA_Foothold_SY_extended_2.4.5_Coldwar-Modern.miz mission -oC:\Users\dcsadmin\AppData\Local\Temp\tmpwv0849qi -y
2025-11-19 22:39:17,644 [INFO] [Weather] Setting mission date for season 'realistic': 19-11-2025
2025-11-19 22:39:17,651 [INFO] [Weather] Bad weather percentage: 40%. Roll: 100
2025-11-19 22:39:17,651 [INFO] [Weather] Selecting GOOD weather template.
2025-11-19 22:39:17,652 [INFO] [Weather] Selected weather template: D:\Persistencia\app\weather\good_weather\nothing.config
2025-11-19 22:39:17,690 [INFO] [Weather] Running 7zip: C:\Program Files\7-Zip\7z.exe u C:\Users\dcsadmin\Saved Games\DCS.dcs_serverrelease\missions\MA_Foothold_SY_extended_2.4.5_Coldwar-Modern.miz C:\Users\dcsadmin\AppData\Local\Temp\tmpwv0849qi\mission -y
2025-11-19 22:39:18,411 [INFO] [Weather] Starting DCS server: C:\Program Files\Eagle Dynamics\DCS World Server\bin\DCS_server.exe
2025-11-19 22:39:18,414 [INFO] [Weather] DCS_server.exe started successfully.
2025-11-19 22:39:18,415 [INFO] [Notifier] Sending INFO notification to Discord...
2025-11-19 22:39:19,125 [INFO] [Weather] Dynamic weather rotation completed and DCS server restarted.
2025-11-19 22:39:19,126 [INFO] ---- Weather rotation process DONE ----
2025-11-19 22:39:19,126 [INFO] ==== DCS Persistence Orchestrator COMPLETED SUCCESSFULLY ====
2025-11-19 22:48:03,438 [INFO] ==== Starting DCS Persistence Orchestrator ====
2025-11-19 22:48:03,439 [INFO] Hour persistence enabled: False
2025-11-19 22:48:03,439 [INFO] Weather rotation enabled: True
2025-11-19 22:48:03,439 [INFO] Hour persistence disabled in config. Skipping time extraction and .miz time update.
2025-11-19 22:48:03,439 [INFO] ---- Weather rotation process START ----
2025-11-19 22:48:03,439 [INFO] [Weather] ==== Starting dynamic weather rotation ====
2025-11-19 22:48:03,439 [INFO] [Weather] Mission file: C:\Users\dcsadmin\Saved Games\DCS.dcs_serverrelease\missions\MA_Foothold_SY_extended_2.4.5_Coldwar-Modern.miz
2025-11-19 22:48:03,439 [INFO] [Weather] Season: realistic
2025-11-19 22:48:03,439 [INFO] [Weather] Bad weather percentage: 100%
2025-11-19 22:48:03,439 [INFO] [Weather] Checking if DCS_server.exe is running...
2025-11-19 22:48:03,448 [INFO] [Weather] DCS_server.exe detected (PID 11628). Stopping it to update weather...
2025-11-19 22:48:03,449 [INFO] [Notifier] Sending INFO notification to Discord...
2025-11-19 22:48:04,294 [INFO] [Weather] DCS_server.exe stopped successfully. Waiting 15 seconds...
2025-11-19 22:48:19,296 [INFO] [Weather] Running 7zip: C:\Program Files\7-Zip\7z.exe e C:\Users\dcsadmin\Saved Games\DCS.dcs_serverrelease\missions\MA_Foothold_SY_extended_2.4.5_Coldwar-Modern.miz mission -oC:\Users\dcsadmin\AppData\Local\Temp\tmp05ia8wav -y
2025-11-19 22:48:19,367 [INFO] [Weather] Setting mission date for season 'realistic': 19-11-2025
2025-11-19 22:48:19,371 [INFO] [Weather] Bad weather percentage: 100%. Roll: 46
2025-11-19 22:48:19,371 [INFO] [Weather] Selecting BAD weather template.
2025-11-19 22:48:19,372 [INFO] [Weather] Selected weather template: D:\Persistencia\app\weather\bad_weather\light-rain-mid-clouds.config
2025-11-19 22:48:19,398 [INFO] [Weather] Running 7zip: C:\Program Files\7-Zip\7z.exe u C:\Users\dcsadmin\Saved Games\DCS.dcs_serverrelease\missions\MA_Foothold_SY_extended_2.4.5_Coldwar-Modern.miz C:\Users\dcsadmin\AppData\Local\Temp\tmp05ia8wav\mission -y
2025-11-19 22:48:20,113 [ERROR] [Weather] 7zip error: 

System ERROR:
El proceso no tiene acceso al archivo porque est  siendo utilizado por otro proceso.

2025-11-19 22:48:20,113 [INFO] [Notifier] Sending ERROR notification to Discord...
2025-11-19 22:48:20,843 [ERROR] [Weather] Failed to update mission inside .miz.
2025-11-19 22:48:20,843 [INFO] [Notifier] Sending ERROR notification to Discord...
2025-11-19 22:48:21,583 [ERROR] Weather rotation failed.
2025-11-19 22:48:21,584 [INFO] [Notifier] Sending ERROR notification to Discord...
2025-11-19 22:49:05,571 [INFO] ==== Starting DCS Persistence Orchestrator ====
2025-11-19 22:49:05,572 [INFO] Hour persistence enabled: False
2025-11-19 22:49:05,572 [INFO] Weather rotation enabled: True
2025-11-19 22:49:05,572 [INFO] Hour persistence disabled in config. Skipping time extraction and .miz time update.
2025-11-19 22:49:05,572 [INFO] ---- Weather rotation process START ----
2025-11-19 22:49:05,572 [INFO] [Weather] ==== Starting dynamic weather rotation ====
2025-11-19 22:49:05,572 [INFO] [Weather] Mission file: C:\Users\dcsadmin\Saved Games\DCS.dcs_serverrelease\missions\MA_Foothold_SY_extended_2.4.5_Coldwar-Modern.miz
2025-11-19 22:49:05,572 [INFO] [Weather] Season: realistic
2025-11-19 22:49:05,572 [INFO] [Weather] Bad weather percentage: 100%
2025-11-19 22:49:05,572 [INFO] [Weather] Checking if DCS_server.exe is running...
2025-11-19 22:49:05,576 [INFO] [Weather] DCS_server.exe detected (PID 2716). Stopping it to update weather...
2025-11-19 22:49:05,576 [INFO] [Notifier] Sending INFO notification to Discord...
2025-11-19 22:49:06,475 [INFO] [Weather] DCS_server.exe stopped successfully. Waiting 15 seconds...
2025-11-19 22:49:21,477 [INFO] [Weather] Running 7zip: C:\Program Files\7-Zip\7z.exe e C:\Users\dcsadmin\Saved Games\DCS.dcs_serverrelease\missions\MA_Foothold_SY_extended_2.4.5_Coldwar-Modern.miz mission -oC:\Users\dcsadmin\AppData\Local\Temp\tmpatc2r909 -y
2025-11-19 22:49:21,547 [INFO] [Weather] Setting mission date for season 'realistic': 19-11-2025
2025-11-19 22:49:21,551 [INFO] [Weather] Bad weather percentage: 100%. Roll: 55
2025-11-19 22:49:21,551 [INFO] [Weather] Selecting BAD weather template.
2025-11-19 22:49:21,552 [INFO] [Weather] Selected weather template: D:\Persistencia\app\weather\bad_weather\light-rain-low-clouds.config
2025-11-19 22:49:21,577 [INFO] [Weather] Running 7zip: C:\Program Files\7-Zip\7z.exe u C:\Users\dcsadmin\Saved Games\DCS.dcs_serverrelease\missions\MA_Foothold_SY_extended_2.4.5_Coldwar-Modern.miz C:\Users\dcsadmin\AppData\Local\Temp\tmpatc2r909\mission -y
2025-11-19 22:49:22,272 [INFO] [Weather] Starting DCS server: C:\Program Files\Eagle Dynamics\DCS World Server\bin\DCS_server.exe
2025-11-19 22:49:22,276 [INFO] [Weather] DCS_server.exe started successfully.
2025-11-19 22:49:22,276 [INFO] [Notifier] Sending INFO notification to Discord...
2025-11-19 22:49:22,972 [INFO] [Weather] Dynamic weather rotation completed and DCS server restarted.
2025-11-19 22:49:22,973 [INFO] ---- Weather rotation process DONE ----
2025-11-19 22:49:22,973 [INFO] ==== DCS Persistence Orchestrator COMPLETED SUCCESSFULLY ====
2025-11-19 22:57:19,516 [INFO] ==== Starting DCS Persistence Orchestrator ====
2025-11-19 22:57:19,517 [INFO] Hour persistence enabled: False
2025-11-19 22:57:19,517 [INFO] Weather rotation enabled: True
2025-11-19 22:57:19,517 [INFO] Hour persistence disabled in config. Skipping time extraction and .miz time update.
2025-11-19 22:57:19,517 [INFO] ---- Weather rotation process START ----
2025-11-19 22:57:19,517 [INFO] [Weather] ==== Starting dynamic weather rotation ====
2025-11-19 22:57:19,517 [INFO] [Weather] Mission file: C:\Users\dcsadmin\Saved Games\DCS.dcs_serverrelease\missions\MA_Foothold_SY_extended_2.4.5_Coldwar-Modern.miz
2025-11-19 22:57:19,517 [INFO] [Weather] Season: realistic
2025-11-19 22:57:19,517 [INFO] [Weather] Bad weather percentage: 100%
2025-11-19 22:57:19,518 [INFO] [Weather] Checking if DCS_server.exe is running...
2025-11-19 22:57:19,529 [INFO] [Weather] DCS_server.exe detected (PID 17312). Stopping it to update weather...
2025-11-19 22:57:19,530 [INFO] [Notifier] Sending INFO notification to Discord...
2025-11-19 22:57:20,262 [INFO] [Weather] DCS_server.exe stopped successfully. Waiting 15 seconds...
2025-11-19 22:57:35,265 [INFO] [Weather] Running 7zip: C:\Program Files\7-Zip\7z.exe e C:\Users\dcsadmin\Saved Games\DCS.dcs_serverrelease\missions\MA_Foothold_SY_extended_2.4.5_Coldwar-Modern.miz mission -oC:\Users\dcsadmin\AppData\Local\Temp\tmpjplm6ttk -y
2025-11-19 22:57:35,333 [INFO] [Weather] Setting mission date for season 'realistic': 19-11-2025
2025-11-19 22:57:35,337 [INFO] [Weather] Bad weather percentage: 100%. Roll: 94
2025-11-19 22:57:35,337 [INFO] [Weather] Selecting BAD weather template.
2025-11-19 22:57:35,337 [INFO] [Weather] Selected weather template: D:\Persistencia\app\weather\bad_weather\overcast-and-rain-mid-clouds.config
2025-11-19 22:57:35,363 [INFO] [Weather] Running 7zip: C:\Program Files\7-Zip\7z.exe u C:\Users\dcsadmin\Saved Games\DCS.dcs_serverrelease\missions\MA_Foothold_SY_extended_2.4.5_Coldwar-Modern.miz C:\Users\dcsadmin\AppData\Local\Temp\tmpjplm6ttk\mission -y
2025-11-19 22:57:36,066 [INFO] [Weather] Starting DCS server: C:\Program Files\Eagle Dynamics\DCS World Server\bin\DCS_server.exe
2025-11-19 22:57:36,070 [INFO] [Weather] DCS_server.exe started successfully.
2025-11-19 22:57:36,070 [INFO] [Notifier] Sending INFO notification to Discord...
2025-11-19 22:57:36,773 [INFO] [Weather] Dynamic weather rotation completed and DCS server restarted.
2025-11-19 22:57:36,773 [INFO] ---- Weather rotation process DONE ----
2025-11-19 22:57:36,774 [INFO] ==== DCS Persistence Orchestrator COMPLETED SUCCESSFULLY ====
2025-11-19 23:06:04,149 [INFO] ==== Starting DCS Persistence Orchestrator ====
2025-11-19 23:06:04,149 [INFO] Hour persistence enabled: True
2025-11-19 23:06:04,149 [INFO] Weather rotation enabled: True
2025-11-19 23:06:04,149 [INFO] ---- Hour persistence process START ----
2025-11-19 23:06:04,149 [INFO] Starting DCS WebGUI mission time extraction...
2025-11-19 23:06:06,075 [INFO] Waiting for 'Server detected' popup...
2025-11-19 23:06:06,681 [INFO] Server detected!
2025-11-19 23:06:06,681 [INFO] Clicking CONNECT button...
2025-11-19 23:06:06,752 [INFO] Waiting 20 seconds for dashboard to load...
2025-11-19 23:06:26,753 [INFO] Extracting mission filename from dashboard...
2025-11-19 23:06:26,776 [INFO] Loaded mission: C:\Users\dcsadmin\Saved Games\DCS.dcs_serverrelease\Missions\MA_Foothold_SY_extended_2.4.5_Coldwar-Modern.miz
2025-11-19 23:06:26,776 [INFO] Normalized loaded:   c:/users/dcsadmin/saved games/dcs.dcs_serverrelease/missions/ma_foothold_sy_extended_2.4.5_coldwar-modern.miz
2025-11-19 23:06:26,777 [INFO] Normalized expected: c:/users/dcsadmin/saved games/dcs.dcs_serverrelease/missions/ma_foothold_sy_extended_2.4.5_coldwar-modern.miz
2025-11-19 23:06:26,777 [INFO] Extracting mission time...
2025-11-19 23:06:26,797 [INFO] Mission time extracted: 00:00:39 (39 seconds)
2025-11-19 23:06:28,970 [INFO] Mission time extracted successfully: 00:00:39 (39 seconds)
2025-11-19 23:06:28,971 [INFO] Saved extracted time into extracted_time.json
2025-11-19 23:06:28,971 [INFO] Updating mission .miz start_time...
2025-11-19 23:06:28,971 [INFO] Preparing to update MIZ: C:\Users\dcsadmin\Saved Games\DCS.dcs_serverrelease\missions\MA_Foothold_SY_extended_2.4.5_Coldwar-Modern.miz
2025-11-19 23:06:28,971 [INFO] Seconds to add to start_time: 39
2025-11-19 23:06:28,971 [INFO] Checking if DCS_server.exe is running...
2025-11-19 23:06:28,975 [INFO] DCS_server.exe detected (PID 2904). Stopping it to update mission...
2025-11-19 23:06:28,975 [INFO] [Notifier] Sending INFO notification to Discord...
2025-11-19 23:06:29,791 [INFO] DCS_server.exe stopped successfully. Waiting 15 seconds before mission update...
2025-11-19 23:06:44,793 [INFO] Running 7zip: C:\Program Files\7-Zip\7z.exe e C:\Users\dcsadmin\Saved Games\DCS.dcs_serverrelease\missions\MA_Foothold_SY_extended_2.4.5_Coldwar-Modern.miz mission -oC:\Users\dcsadmin\AppData\Local\Temp\tmpqep9zbmo -y
2025-11-19 23:06:44,920 [INFO] Original start_time (last occurrence): 25728
2025-11-19 23:06:44,921 [INFO] New start_time: 25767
2025-11-19 23:06:45,011 [INFO] Running 7zip: C:\Program Files\7-Zip\7z.exe u C:\Users\dcsadmin\Saved Games\DCS.dcs_serverrelease\missions\MA_Foothold_SY_extended_2.4.5_Coldwar-Modern.miz C:\Users\dcsadmin\AppData\Local\Temp\tmpqep9zbmo\mission -y
2025-11-19 23:06:45,726 [INFO] Starting DCS server: C:\Program Files\Eagle Dynamics\DCS World Server\bin\DCS_server.exe
2025-11-19 23:06:45,730 [INFO] DCS_server.exe started successfully.
2025-11-19 23:06:45,731 [INFO] [Notifier] Sending INFO notification to Discord...
2025-11-19 23:06:46,427 [INFO] Mission start_time updated and DCS server restarted successfully.
2025-11-19 23:06:46,427 [INFO] ---- Hour persistence process DONE ----
2025-11-19 23:06:46,428 [INFO] ---- Weather rotation process START ----
2025-11-19 23:06:46,428 [INFO] [Weather] ==== Starting dynamic weather rotation ====
2025-11-19 23:06:46,428 [INFO] [Weather] Mission file: C:\Users\dcsadmin\Saved Games\DCS.dcs_serverrelease\missions\MA_Foothold_SY_extended_2.4.5_Coldwar-Modern.miz
2025-11-19 23:06:46,428 [INFO] [Weather] Season: realistic
2025-11-19 23:06:46,428 [INFO] [Weather] Bad weather percentage: 30%
2025-11-19 23:06:46,428 [INFO] [Weather] Checking if DCS_server.exe is running...
2025-11-19 23:06:46,432 [INFO] [Weather] DCS_server.exe detected (PID 8064). Stopping it to update weather...
2025-11-19 23:06:46,433 [INFO] [Notifier] Sending INFO notification to Discord...
2025-11-19 23:06:47,331 [INFO] [Weather] DCS_server.exe stopped successfully. Waiting 15 seconds...
2025-11-19 23:07:02,332 [INFO] [Weather] Running 7zip: C:\Program Files\7-Zip\7z.exe e C:\Users\dcsadmin\Saved Games\DCS.dcs_serverrelease\missions\MA_Foothold_SY_extended_2.4.5_Coldwar-Modern.miz mission -oC:\Users\dcsadmin\AppData\Local\Temp\tmpki4761ym -y
2025-11-19 23:07:02,402 [INFO] [Weather] Setting mission date for season 'realistic': 19-11-2025
2025-11-19 23:07:02,406 [INFO] [Weather] Bad weather percentage: 30%. Roll: 88
2025-11-19 23:07:02,406 [INFO] [Weather] Selecting GOOD weather template.
2025-11-19 23:07:02,406 [INFO] [Weather] Selected weather template: D:\Persistencia\app\weather\good_weather\nothing.config
2025-11-19 23:07:02,432 [INFO] [Weather] Running 7zip: C:\Program Files\7-Zip\7z.exe u C:\Users\dcsadmin\Saved Games\DCS.dcs_serverrelease\missions\MA_Foothold_SY_extended_2.4.5_Coldwar-Modern.miz C:\Users\dcsadmin\AppData\Local\Temp\tmpki4761ym\mission -y
2025-11-19 23:07:03,154 [INFO] [Weather] Starting DCS server: C:\Program Files\Eagle Dynamics\DCS World Server\bin\DCS_server.exe
2025-11-19 23:07:03,157 [INFO] [Weather] DCS_server.exe started successfully.
2025-11-19 23:07:03,157 [INFO] [Notifier] Sending INFO notification to Discord...
2025-11-19 23:07:03,973 [INFO] [Weather] Dynamic weather rotation completed and DCS server restarted.
2025-11-19 23:07:03,974 [INFO] ---- Weather rotation process DONE ----
2025-11-19 23:07:03,974 [INFO] ==== DCS Persistence Orchestrator COMPLETED SUCCESSFULLY ====
2025-11-19 23:14:00,705 [INFO] ==== Starting DCS Persistence Orchestrator ====
2025-11-19 23:14:00,705 [INFO] Hour persistence enabled: True
2025-11-19 23:14:00,705 [INFO] Weather rotation enabled: True
2025-11-19 23:14:00,705 [INFO] ---- Hour persistence process START ----
2025-11-19 23:14:00,705 [INFO] Starting DCS WebGUI mission time extraction...
2025-11-19 23:14:02,299 [INFO] Waiting for 'Server detected' popup...
2025-11-19 23:14:02,835 [INFO] Server detected!
2025-11-19 23:14:02,835 [INFO] Clicking CONNECT button...
2025-11-19 23:14:02,905 [INFO] Waiting 20 seconds for dashboard to load...
2025-11-19 23:14:22,905 [INFO] Extracting mission filename from dashboard...
2025-11-19 23:14:22,927 [INFO] Loaded mission: C:\Users\dcsadmin\Saved Games\DCS.dcs_serverrelease\Missions\MA_Foothold_SY_extended_2.4.5_Coldwar-Modern.miz
2025-11-19 23:14:22,928 [INFO] Normalized loaded:   c:/users/dcsadmin/saved games/dcs.dcs_serverrelease/missions/ma_foothold_sy_extended_2.4.5_coldwar-modern.miz
2025-11-19 23:14:22,928 [INFO] Normalized expected: c:/users/dcsadmin/saved games/dcs.dcs_serverrelease/missions/ma_foothold_sy_extended_2.4.5_coldwar-modern.miz
2025-11-19 23:14:22,928 [INFO] Extracting mission time...
2025-11-19 23:14:22,947 [INFO] Mission time extracted: 00:00:00 (0 seconds)
2025-11-19 23:14:25,077 [INFO] Mission time extracted successfully: 00:00:00 (0 seconds)
2025-11-19 23:14:25,078 [INFO] Saved extracted time into extracted_time.json
2025-11-19 23:14:25,078 [INFO] Updating mission .miz start_time...
2025-11-19 23:14:25,078 [INFO] Preparing to update MIZ: C:\Users\dcsadmin\Saved Games\DCS.dcs_serverrelease\missions\MA_Foothold_SY_extended_2.4.5_Coldwar-Modern.miz
2025-11-19 23:14:25,078 [INFO] Seconds to add to start_time: 0
2025-11-19 23:14:25,078 [INFO] Checking if DCS_server.exe is running...
2025-11-19 23:14:25,085 [INFO] DCS_server.exe detected (PID 12592). Stopping it to update mission...
2025-11-19 23:14:25,085 [INFO] [Notifier] Sending INFO notification to Discord...
2025-11-19 23:14:25,749 [INFO] DCS_server.exe stopped successfully. Waiting 15 seconds before mission update...
2025-11-19 23:14:40,752 [INFO] Running 7zip: C:\Program Files\7-Zip\7z.exe e C:\Users\dcsadmin\Saved Games\DCS.dcs_serverrelease\missions\MA_Foothold_SY_extended_2.4.5_Coldwar-Modern.miz mission -oC:\Users\dcsadmin\AppData\Local\Temp\tmpapahx1gm -y
2025-11-19 23:14:40,875 [INFO] Original start_time (last occurrence): 25767
2025-11-19 23:14:40,875 [INFO] New start_time: 25767
2025-11-19 23:14:40,962 [INFO] Running 7zip: C:\Program Files\7-Zip\7z.exe u C:\Users\dcsadmin\Saved Games\DCS.dcs_serverrelease\missions\MA_Foothold_SY_extended_2.4.5_Coldwar-Modern.miz C:\Users\dcsadmin\AppData\Local\Temp\tmpapahx1gm\mission -y
2025-11-19 23:14:41,634 [INFO] Starting DCS server: C:\Program Files\Eagle Dynamics\DCS World Server\bin\DCS_server.exe
2025-11-19 23:14:41,637 [INFO] DCS_server.exe started successfully.
2025-11-19 23:14:41,638 [INFO] [Notifier] Sending INFO notification to Discord...
2025-11-19 23:14:42,428 [INFO] Mission start_time updated and DCS server restarted successfully.
2025-11-19 23:14:42,428 [INFO] ---- Hour persistence process DONE ----
2025-11-19 23:14:42,428 [INFO] ---- Weather rotation process START ----
2025-11-19 23:14:42,429 [INFO] [Weather] ==== Starting dynamic weather rotation ====
2025-11-19 23:14:42,429 [INFO] [Weather] Mission file: C:\Users\dcsadmin\Saved Games\DCS.dcs_serverrelease\missions\MA_Foothold_SY_extended_2.4.5_Coldwar-Modern.miz
2025-11-19 23:14:42,429 [INFO] [Weather] Season: realistic
2025-11-19 23:14:42,429 [INFO] [Weather] Bad weather percentage: 30%
2025-11-19 23:14:42,429 [INFO] [Weather] Checking if DCS_server.exe is running...
2025-11-19 23:14:42,431 [INFO] [Weather] DCS_server.exe detected (PID 13644). Stopping it to update weather...
2025-11-19 23:14:42,431 [INFO] [Notifier] Sending INFO notification to Discord...
2025-11-19 23:14:43,177 [INFO] [Weather] DCS_server.exe stopped successfully. Waiting 15 seconds...
2025-11-19 23:14:58,178 [INFO] [Weather] Running 7zip: C:\Program Files\7-Zip\7z.exe e C:\Users\dcsadmin\Saved Games\DCS.dcs_serverrelease\missions\MA_Foothold_SY_extended_2.4.5_Coldwar-Modern.miz mission -oC:\Users\dcsadmin\AppData\Local\Temp\tmpx3a8rb79 -y
2025-11-19 23:14:58,246 [INFO] [Weather] Setting mission date for season 'realistic': 19-11-2025
2025-11-19 23:14:58,250 [INFO] [Weather] Bad weather percentage: 30%. Roll: 50
2025-11-19 23:14:58,250 [INFO] [Weather] Selecting GOOD weather template.
2025-11-19 23:14:58,251 [INFO] [Weather] Selected weather template: D:\Persistencia\app\weather\good_weather\nothing.config
2025-11-19 23:14:58,276 [INFO] [Weather] Running 7zip: C:\Program Files\7-Zip\7z.exe u C:\Users\dcsadmin\Saved Games\DCS.dcs_serverrelease\missions\MA_Foothold_SY_extended_2.4.5_Coldwar-Modern.miz C:\Users\dcsadmin\AppData\Local\Temp\tmpx3a8rb79\mission -y
2025-11-19 23:14:58,933 [INFO] [Weather] Starting DCS server: C:\Program Files\Eagle Dynamics\DCS World Server\bin\DCS_server.exe
2025-11-19 23:14:58,936 [INFO] [Weather] DCS_server.exe started successfully.
2025-11-19 23:14:58,936 [INFO] [Notifier] Sending INFO notification to Discord...
2025-11-19 23:14:59,776 [INFO] [Weather] Dynamic weather rotation completed and DCS server restarted.
2025-11-19 23:14:59,777 [INFO] ---- Weather rotation process DONE ----
2025-11-19 23:14:59,777 [INFO] ==== DCS Persistence Orchestrator COMPLETED SUCCESSFULLY ====
2025-11-20 05:00:02,373 [INFO] ==== Starting DCS Persistence Orchestrator ====
2025-11-20 05:00:02,384 [INFO] Hour persistence enabled: True
2025-11-20 05:00:02,384 [INFO] Weather rotation enabled: True
2025-11-20 05:00:02,385 [INFO] ---- Hour persistence process START ----
2025-11-20 05:00:02,385 [INFO] Starting DCS WebGUI mission time extraction...
2025-11-20 05:00:04,319 [INFO] Waiting for 'Server detected' popup...
2025-11-20 05:00:04,919 [INFO] Server detected!
2025-11-20 05:00:04,919 [INFO] Clicking CONNECT button...
2025-11-20 05:00:04,991 [INFO] Waiting 20 seconds for dashboard to load...
2025-11-20 05:00:24,992 [INFO] Extracting mission filename from dashboard...
2025-11-20 05:00:25,016 [INFO] Loaded mission: C:\Users\dcsadmin\Saved Games\DCS.dcs_serverrelease\Missions\MA_Foothold_SY_extended_2.4.5_Coldwar-Modern.miz
2025-11-20 05:00:25,017 [INFO] Normalized loaded:   c:/users/dcsadmin/saved games/dcs.dcs_serverrelease/missions/ma_foothold_sy_extended_2.4.5_coldwar-modern.miz
2025-11-20 05:00:25,017 [INFO] Normalized expected: c:/users/dcsadmin/saved games/dcs.dcs_serverrelease/missions/ma_foothold_sy_extended_2.4.5_coldwar-modern.miz
2025-11-20 05:00:25,017 [INFO] Extracting mission time...
2025-11-20 05:00:25,036 [INFO] Mission time extracted: 00:00:00 (0 seconds)
2025-11-20 05:00:27,160 [INFO] Mission time extracted successfully: 00:00:00 (0 seconds)
2025-11-20 05:00:27,161 [INFO] Saved extracted time into extracted_time.json
2025-11-20 05:00:27,161 [INFO] Updating mission .miz start_time...
2025-11-20 05:00:27,161 [INFO] Preparing to update MIZ: C:\Users\dcsadmin\Saved Games\DCS.dcs_serverrelease\missions\MA_Foothold_SY_extended_2.4.5_Coldwar-Modern.miz
2025-11-20 05:00:27,161 [INFO] Seconds to add to start_time: 0
2025-11-20 05:00:27,161 [INFO] Checking if DCS_server.exe is running...
2025-11-20 05:00:27,168 [INFO] DCS_server.exe detected (PID 15756). Stopping it to update mission...
2025-11-20 05:00:27,168 [INFO] [Notifier] Sending INFO notification to Discord...
2025-11-20 05:00:28,191 [INFO] DCS_server.exe stopped successfully. Waiting 15 seconds before mission update...
2025-11-20 05:00:43,193 [INFO] Running 7zip: C:\Program Files\7-Zip\7z.exe e C:\Users\dcsadmin\Saved Games\DCS.dcs_serverrelease\missions\MA_Foothold_SY_extended_2.4.5_Coldwar-Modern.miz mission -oC:\Users\dcsadmin\AppData\Local\Temp\tmpqz6dlufc -y
2025-11-20 05:00:43,319 [INFO] Original start_time (last occurrence): 25767
2025-11-20 05:00:43,319 [INFO] New start_time: 25767
2025-11-20 05:00:43,412 [INFO] Running 7zip: C:\Program Files\7-Zip\7z.exe u C:\Users\dcsadmin\Saved Games\DCS.dcs_serverrelease\missions\MA_Foothold_SY_extended_2.4.5_Coldwar-Modern.miz C:\Users\dcsadmin\AppData\Local\Temp\tmpqz6dlufc\mission -y
2025-11-20 05:00:44,081 [INFO] Starting DCS server: C:\Program Files\Eagle Dynamics\DCS World Server\bin\DCS_server.exe
2025-11-20 05:00:44,085 [INFO] DCS_server.exe started successfully.
2025-11-20 05:00:44,085 [INFO] [Notifier] Sending INFO notification to Discord...
2025-11-20 05:00:44,777 [INFO] Mission start_time updated and DCS server restarted successfully.
2025-11-20 05:00:44,778 [INFO] ---- Hour persistence process DONE ----
2025-11-20 05:00:44,778 [INFO] ---- Weather rotation process START ----
2025-11-20 05:00:44,779 [INFO] [Weather] ==== Starting dynamic weather rotation ====
2025-11-20 05:00:44,779 [INFO] [Weather] Mission file: C:\Users\dcsadmin\Saved Games\DCS.dcs_serverrelease\missions\MA_Foothold_SY_extended_2.4.5_Coldwar-Modern.miz
2025-11-20 05:00:44,779 [INFO] [Weather] Season: realistic
2025-11-20 05:00:44,779 [INFO] [Weather] Bad weather percentage: 30%
2025-11-20 05:00:44,779 [INFO] [Weather] Checking if DCS_server.exe is running...
2025-11-20 05:00:44,780 [INFO] [Weather] DCS_server.exe detected (PID 3528). Stopping it to update weather...
2025-11-20 05:00:44,780 [INFO] [Notifier] Sending INFO notification to Discord...
2025-11-20 05:00:45,540 [INFO] [Weather] DCS_server.exe stopped successfully. Waiting 15 seconds...
2025-11-20 05:01:00,541 [INFO] [Weather] Running 7zip: C:\Program Files\7-Zip\7z.exe e C:\Users\dcsadmin\Saved Games\DCS.dcs_serverrelease\missions\MA_Foothold_SY_extended_2.4.5_Coldwar-Modern.miz mission -oC:\Users\dcsadmin\AppData\Local\Temp\tmpipse11l1 -y
2025-11-20 05:01:00,609 [INFO] [Weather] Setting mission date for season 'realistic': 20-11-2025
2025-11-20 05:01:00,612 [INFO] [Weather] Bad weather percentage: 30%. Roll: 6
2025-11-20 05:01:00,613 [INFO] [Weather] Selecting BAD weather template.
2025-11-20 05:01:00,613 [INFO] [Weather] Selected weather template: D:\Persistencia\app\weather\bad_weather\overcast-and-rain-mid-clouds.config
2025-11-20 05:01:00,647 [INFO] [Weather] Running 7zip: C:\Program Files\7-Zip\7z.exe u C:\Users\dcsadmin\Saved Games\DCS.dcs_serverrelease\missions\MA_Foothold_SY_extended_2.4.5_Coldwar-Modern.miz C:\Users\dcsadmin\AppData\Local\Temp\tmpipse11l1\mission -y
2025-11-20 05:01:01,307 [INFO] [Weather] Starting DCS server: C:\Program Files\Eagle Dynamics\DCS World Server\bin\DCS_server.exe
2025-11-20 05:01:01,310 [INFO] [Weather] DCS_server.exe started successfully.
2025-11-20 05:01:01,310 [INFO] [Notifier] Sending INFO notification to Discord...
2025-11-20 05:01:02,034 [INFO] [Weather] Dynamic weather rotation completed and DCS server restarted.
2025-11-20 05:01:02,035 [INFO] ---- Weather rotation process DONE ----
2025-11-20 05:01:02,035 [INFO] ==== DCS Persistence Orchestrator COMPLETED SUCCESSFULLY ====
2025-11-20 21:51:36,831 [INFO] ==== Starting DCS Persistence Orchestrator ====
2025-11-20 21:51:36,840 [INFO] Hour persistence enabled: True
2025-11-20 21:51:36,840 [INFO] Weather rotation enabled: True
2025-11-20 21:51:36,840 [INFO] ---- Hour persistence process START ----
2025-11-20 21:51:36,840 [INFO] Starting DCS WebGUI mission time extraction...
2025-11-20 21:51:38,780 [INFO] Waiting for 'Server detected' popup...
2025-11-20 21:51:39,385 [ERROR] Unexpected server detected text: Checking server status...
2025-11-20 21:51:41,477 [ERROR] Mission time extraction failed (mismatch or scraping error).
2025-11-20 21:51:41,477 [INFO] [Notifier] Sending ERROR notification to Discord...
2025-11-20 21:58:28,983 [INFO] ==== Starting DCS Persistence Orchestrator ====
2025-11-20 21:58:28,984 [INFO] Hour persistence enabled: True
2025-11-20 21:58:28,984 [INFO] Weather rotation enabled: True
2025-11-20 21:58:28,984 [INFO] ---- Hour persistence process START ----
2025-11-20 21:58:28,984 [INFO] Starting DCS WebGUI mission time extraction...
2025-11-20 21:58:30,577 [INFO] Waiting for 'Server detected' popup...
2025-11-20 21:58:31,113 [INFO] Server detected!
2025-11-20 21:58:31,113 [INFO] Clicking CONNECT button...
2025-11-20 21:58:31,188 [INFO] Waiting 20 seconds for dashboard to load...
2025-11-20 21:58:51,189 [INFO] Extracting mission filename from dashboard...
2025-11-20 21:58:51,214 [INFO] Loaded mission: C:\Users\dcsadmin\Saved Games\DCS.dcs_serverrelease\Missions\MA_Foothold_SI_extended_2.5.1_Coldwar-Modern.miz
2025-11-20 21:58:51,214 [INFO] Normalized loaded:   c:/users/dcsadmin/saved games/dcs.dcs_serverrelease/missions/ma_foothold_si_extended_2.5.1_coldwar-modern.miz
2025-11-20 21:58:51,214 [INFO] Normalized expected: c:/users/dcsadmin/saved games/dcs.dcs_serverrelease/missions/ma_foothold_si_extended_2.5.1_coldwar-modern.miz
2025-11-20 21:58:51,214 [INFO] Extracting mission time...
2025-11-20 21:58:51,235 [INFO] Mission time extracted: 00:00:00 (0 seconds)
2025-11-20 21:58:53,363 [INFO] Mission time extracted successfully: 00:00:00 (0 seconds)
2025-11-20 21:58:53,364 [INFO] Saved extracted time into extracted_time.json
2025-11-20 21:58:53,364 [INFO] Updating mission .miz start_time...
2025-11-20 21:58:53,364 [INFO] Preparing to update MIZ: C:\Users\dcsadmin\Saved Games\DCS.dcs_serverrelease\missions\MA_Foothold_SI_extended_2.5.1_Coldwar-Modern.miz
2025-11-20 21:58:53,364 [INFO] Seconds to add to start_time: 0
2025-11-20 21:58:53,364 [INFO] Checking if DCS_server.exe is running...
2025-11-20 21:58:53,370 [INFO] DCS_server.exe detected (PID 6800). Stopping it to update mission...
2025-11-20 21:58:53,371 [INFO] [Notifier] Sending INFO notification to Discord...
2025-11-20 21:58:54,140 [INFO] DCS_server.exe stopped successfully. Waiting 15 seconds before mission update...
2025-11-20 21:59:09,143 [INFO] Running 7zip: C:\Program Files\7-Zip\7z.exe e C:\Users\dcsadmin\Saved Games\DCS.dcs_serverrelease\missions\MA_Foothold_SI_extended_2.5.1_Coldwar-Modern.miz mission -oC:\Users\dcsadmin\AppData\Local\Temp\tmpcjpzox7z -y
2025-11-20 21:59:09,224 [INFO] Original start_time (last occurrence): 19800
2025-11-20 21:59:09,224 [INFO] New start_time: 19800
2025-11-20 21:59:09,275 [INFO] Running 7zip: C:\Program Files\7-Zip\7z.exe u C:\Users\dcsadmin\Saved Games\DCS.dcs_serverrelease\missions\MA_Foothold_SI_extended_2.5.1_Coldwar-Modern.miz C:\Users\dcsadmin\AppData\Local\Temp\tmpcjpzox7z\mission -y
2025-11-20 21:59:09,728 [INFO] Starting DCS server: C:\Program Files\Eagle Dynamics\DCS World Server\bin\DCS_server.exe
2025-11-20 21:59:09,732 [INFO] DCS_server.exe started successfully.
2025-11-20 21:59:09,732 [INFO] [Notifier] Sending INFO notification to Discord...
2025-11-20 21:59:10,538 [INFO] Mission start_time updated and DCS server restarted successfully.
2025-11-20 21:59:10,538 [INFO] ---- Hour persistence process DONE ----
2025-11-20 21:59:10,538 [INFO] ---- Weather rotation process START ----
2025-11-20 21:59:10,539 [INFO] [Weather] ==== Starting dynamic weather rotation ====
2025-11-20 21:59:10,539 [INFO] [Weather] Mission file: C:\Users\dcsadmin\Saved Games\DCS.dcs_serverrelease\missions\MA_Foothold_SI_extended_2.5.1_Coldwar-Modern.miz
2025-11-20 21:59:10,539 [INFO] [Weather] Season: realistic
2025-11-20 21:59:10,539 [INFO] [Weather] Bad weather percentage: 30%
2025-11-20 21:59:10,539 [INFO] [Weather] Checking if DCS_server.exe is running...
2025-11-20 21:59:10,544 [INFO] [Weather] DCS_server.exe detected (PID 14344). Stopping it to update weather...
2025-11-20 21:59:10,544 [INFO] [Notifier] Sending INFO notification to Discord...
2025-11-20 21:59:11,358 [INFO] [Weather] DCS_server.exe stopped successfully. Waiting 15 seconds...
2025-11-20 21:59:26,359 [INFO] [Weather] Running 7zip: C:\Program Files\7-Zip\7z.exe e C:\Users\dcsadmin\Saved Games\DCS.dcs_serverrelease\missions\MA_Foothold_SI_extended_2.5.1_Coldwar-Modern.miz mission -oC:\Users\dcsadmin\AppData\Local\Temp\tmpif8ve__l -y
2025-11-20 21:59:26,414 [INFO] [Weather] Setting mission date for season 'realistic': 20-11-2025
2025-11-20 21:59:26,421 [ERROR] [Weather] Could not find date block in mission.
2025-11-20 21:59:26,421 [ERROR] [Weather] Failed to update date block.
2025-11-20 21:59:26,421 [INFO] [Notifier] Sending ERROR notification to Discord...
2025-11-20 21:59:27,119 [ERROR] Weather rotation failed.
2025-11-20 21:59:27,119 [INFO] [Notifier] Sending ERROR notification to Discord...
2025-11-20 22:05:08,120 [INFO] ==== Starting DCS Persistence Orchestrator ====
2025-11-20 22:05:08,121 [INFO] Hour persistence enabled: True
2025-11-20 22:05:08,121 [INFO] Weather rotation enabled: True
2025-11-20 22:05:08,121 [INFO] ---- Hour persistence process START ----
2025-11-20 22:05:08,121 [INFO] Starting DCS WebGUI mission time extraction...
2025-11-20 22:05:09,742 [INFO] Waiting for 'Server detected' popup...
2025-11-20 22:05:10,280 [ERROR] Unexpected server detected text: Checking server status...
2025-11-20 22:05:12,395 [ERROR] Mission time extraction failed (mismatch or scraping error).
2025-11-20 22:05:12,395 [INFO] [Notifier] Sending ERROR notification to Discord...
2025-11-20 22:07:00,871 [INFO] ==== Starting DCS Persistence Orchestrator ====
2025-11-20 22:07:00,871 [INFO] Hour persistence enabled: True
2025-11-20 22:07:00,871 [INFO] Weather rotation enabled: True
2025-11-20 22:07:00,871 [INFO] ---- Hour persistence process START ----
2025-11-20 22:07:00,871 [INFO] Starting DCS WebGUI mission time extraction...
2025-11-20 22:07:02,457 [INFO] Waiting for 'Server detected' popup...
2025-11-20 22:07:02,992 [INFO] Server detected!
2025-11-20 22:07:02,992 [INFO] Clicking CONNECT button...
2025-11-20 22:07:03,069 [INFO] Waiting 20 seconds for dashboard to load...
2025-11-20 22:07:23,070 [INFO] Extracting mission filename from dashboard...
2025-11-20 22:07:23,093 [INFO] Loaded mission: C:\Users\dcsadmin\Saved Games\DCS.dcs_serverrelease\Missions\MA_Foothold_SI_extended_2.5.1_Coldwar-Modern.miz
2025-11-20 22:07:23,094 [INFO] Normalized loaded:   c:/users/dcsadmin/saved games/dcs.dcs_serverrelease/missions/ma_foothold_si_extended_2.5.1_coldwar-modern.miz
2025-11-20 22:07:23,094 [INFO] Normalized expected: c:/users/dcsadmin/saved games/dcs.dcs_serverrelease/missions/ma_foothold_si_extended_2.5.1_coldwar-modern.miz
2025-11-20 22:07:23,094 [INFO] Extracting mission time...
2025-11-20 22:07:23,113 [INFO] Mission time extracted: 00:00:00 (0 seconds)
2025-11-20 22:07:25,267 [INFO] Mission time extracted successfully: 00:00:00 (0 seconds)
2025-11-20 22:07:25,268 [INFO] Saved extracted time into extracted_time.json
2025-11-20 22:07:25,268 [INFO] Updating mission .miz start_time...
2025-11-20 22:07:25,268 [INFO] Preparing to update MIZ: C:\Users\dcsadmin\Saved Games\DCS.dcs_serverrelease\missions\MA_Foothold_SI_extended_2.5.1_Coldwar-Modern.miz
2025-11-20 22:07:25,268 [INFO] Seconds to add to start_time: 0
2025-11-20 22:07:25,268 [INFO] Checking if DCS_server.exe is running...
2025-11-20 22:07:25,279 [INFO] DCS_server.exe detected (PID 14644). Stopping it to update mission...
2025-11-20 22:07:25,279 [INFO] [Notifier] Sending INFO notification to Discord...
2025-11-20 22:07:26,092 [INFO] DCS_server.exe stopped successfully. Waiting 15 seconds before mission update...
2025-11-20 22:07:41,095 [INFO] Running 7zip: C:\Program Files\7-Zip\7z.exe e C:\Users\dcsadmin\Saved Games\DCS.dcs_serverrelease\missions\MA_Foothold_SI_extended_2.5.1_Coldwar-Modern.miz mission -oC:\Users\dcsadmin\AppData\Local\Temp\tmpukb8fznc -y
2025-11-20 22:07:41,182 [INFO] Original start_time (last occurrence): 19800
2025-11-20 22:07:41,182 [INFO] New start_time: 19800
2025-11-20 22:07:41,233 [INFO] Running 7zip: C:\Program Files\7-Zip\7z.exe u C:\Users\dcsadmin\Saved Games\DCS.dcs_serverrelease\missions\MA_Foothold_SI_extended_2.5.1_Coldwar-Modern.miz C:\Users\dcsadmin\AppData\Local\Temp\tmpukb8fznc\mission -y
2025-11-20 22:07:41,680 [INFO] Starting DCS server: C:\Program Files\Eagle Dynamics\DCS World Server\bin\DCS_server.exe
2025-11-20 22:07:41,683 [INFO] DCS_server.exe started successfully.
2025-11-20 22:07:41,684 [INFO] [Notifier] Sending INFO notification to Discord...
2025-11-20 22:07:43,934 [INFO] Mission start_time updated and DCS server restarted successfully.
2025-11-20 22:07:43,934 [INFO] ---- Hour persistence process DONE ----
2025-11-20 22:07:43,934 [INFO] ---- Weather rotation process START ----
2025-11-20 22:07:43,935 [INFO] [Weather] ==== Starting dynamic weather rotation ====
2025-11-20 22:07:43,935 [INFO] [Weather] Mission file: C:\Users\dcsadmin\Saved Games\DCS.dcs_serverrelease\missions\MA_Foothold_SI_extended_2.5.1_Coldwar-Modern.miz
2025-11-20 22:07:43,935 [INFO] [Weather] Season: realistic
2025-11-20 22:07:43,935 [INFO] [Weather] Bad weather percentage: 30%
2025-11-20 22:07:43,935 [INFO] [Weather] Checking if DCS_server.exe is running...
2025-11-20 22:07:43,935 [INFO] [Weather] DCS_server.exe detected (PID 1292). Stopping it to update weather...
2025-11-20 22:07:43,936 [INFO] [Notifier] Sending INFO notification to Discord...
2025-11-20 22:07:44,640 [INFO] [Weather] DCS_server.exe stopped successfully. Waiting 15 seconds...
2025-11-20 22:07:59,642 [INFO] [Weather] Running 7zip: C:\Program Files\7-Zip\7z.exe e C:\Users\dcsadmin\Saved Games\DCS.dcs_serverrelease\missions\MA_Foothold_SI_extended_2.5.1_Coldwar-Modern.miz mission -oC:\Users\dcsadmin\AppData\Local\Temp\tmpthoqh2wl -y
2025-11-20 22:07:59,696 [INFO] [Weather] Setting mission date for season 'realistic': 20-11-2025
2025-11-20 22:07:59,698 [INFO] [Weather] Bad weather percentage: 30%. Roll: 41
2025-11-20 22:07:59,699 [INFO] [Weather] Selecting GOOD weather template.
2025-11-20 22:07:59,699 [INFO] [Weather] Selected weather template: D:\Persistencia\app\weather\good_weather\nothing.config
2025-11-20 22:07:59,852 [INFO] [Weather] Running 7zip: C:\Program Files\7-Zip\7z.exe u C:\Users\dcsadmin\Saved Games\DCS.dcs_serverrelease\missions\MA_Foothold_SI_extended_2.5.1_Coldwar-Modern.miz C:\Users\dcsadmin\AppData\Local\Temp\tmpthoqh2wl\mission -y
2025-11-20 22:08:00,312 [INFO] [Weather] Starting DCS server: C:\Program Files\Eagle Dynamics\DCS World Server\bin\DCS_server.exe
2025-11-20 22:08:00,315 [INFO] [Weather] DCS_server.exe started successfully.
2025-11-20 22:08:00,316 [INFO] [Notifier] Sending INFO notification to Discord...
2025-11-20 22:08:01,138 [INFO] [Weather] Dynamic weather rotation completed and DCS server restarted.
2025-11-20 22:08:01,138 [INFO] ---- Weather rotation process DONE ----
2025-11-20 22:08:01,138 [INFO] ==== DCS Persistence Orchestrator COMPLETED SUCCESSFULLY ====
2025-11-20 22:15:30,749 [INFO] ==== Starting DCS Persistence Orchestrator ====
2025-11-20 22:15:30,750 [INFO] Hour persistence enabled: True
2025-11-20 22:15:30,750 [INFO] Weather rotation enabled: True
2025-11-20 22:15:30,750 [INFO] ---- Hour persistence process START ----
2025-11-20 22:15:30,750 [INFO] Starting DCS WebGUI mission time extraction...
2025-11-20 22:15:32,369 [INFO] Waiting for 'Server detected' popup...
2025-11-20 22:15:32,927 [INFO] Server detected!
2025-11-20 22:15:32,927 [INFO] Clicking CONNECT button...
2025-11-20 22:15:32,998 [INFO] Waiting 20 seconds for dashboard to load...
2025-11-20 22:15:52,999 [INFO] Extracting mission filename from dashboard...
2025-11-20 22:15:53,022 [INFO] Loaded mission: C:\Users\dcsadmin\Saved Games\DCS.dcs_serverrelease\Missions\MA_Foothold_SI_extended_2.5.1_Coldwar-Modern.miz
2025-11-20 22:15:53,022 [INFO] Normalized loaded:   c:/users/dcsadmin/saved games/dcs.dcs_serverrelease/missions/ma_foothold_si_extended_2.5.1_coldwar-modern.miz
2025-11-20 22:15:53,022 [INFO] Normalized expected: c:/users/dcsadmin/saved games/dcs.dcs_serverrelease/missions/ma_foothold_si_extended_2.5.1_coldwar-modern.miz
2025-11-20 22:15:53,022 [INFO] Extracting mission time...
2025-11-20 22:15:53,041 [INFO] Mission time extracted: 00:00:00 (0 seconds)
2025-11-20 22:15:55,183 [INFO] Mission time extracted successfully: 00:00:00 (0 seconds)
2025-11-20 22:15:55,183 [INFO] Saved extracted time into extracted_time.json
2025-11-20 22:15:55,183 [INFO] Updating mission .miz start_time...
2025-11-20 22:15:55,183 [INFO] Preparing to update MIZ: C:\Users\dcsadmin\Saved Games\DCS.dcs_serverrelease\missions\MA_Foothold_SI_extended_2.5.1_Coldwar-Modern.miz
2025-11-20 22:15:55,184 [INFO] Seconds to add to start_time: 0
2025-11-20 22:15:55,184 [INFO] Checking if DCS_server.exe is running...
2025-11-20 22:15:55,190 [INFO] DCS_server.exe detected (PID 7236). Stopping it to update mission...
2025-11-20 22:15:55,191 [INFO] [Notifier] Sending INFO notification to Discord...
2025-11-20 22:15:56,147 [INFO] DCS_server.exe stopped successfully. Waiting 15 seconds before mission update...
2025-11-20 22:16:11,149 [INFO] Running 7zip: C:\Program Files\7-Zip\7z.exe e C:\Users\dcsadmin\Saved Games\DCS.dcs_serverrelease\missions\MA_Foothold_SI_extended_2.5.1_Coldwar-Modern.miz mission -oC:\Users\dcsadmin\AppData\Local\Temp\tmp229itej0 -y
2025-11-20 22:16:11,237 [INFO] Original start_time (last occurrence): 19800
2025-11-20 22:16:11,237 [INFO] New start_time: 19800
2025-11-20 22:16:11,287 [INFO] Running 7zip: C:\Program Files\7-Zip\7z.exe u C:\Users\dcsadmin\Saved Games\DCS.dcs_serverrelease\missions\MA_Foothold_SI_extended_2.5.1_Coldwar-Modern.miz C:\Users\dcsadmin\AppData\Local\Temp\tmp229itej0\mission -y
2025-11-20 22:16:11,729 [INFO] Starting DCS server: C:\Program Files\Eagle Dynamics\DCS World Server\bin\DCS_server.exe
2025-11-20 22:16:11,733 [INFO] DCS_server.exe started successfully.
2025-11-20 22:16:11,733 [INFO] [Notifier] Sending INFO notification to Discord...
2025-11-20 22:16:12,464 [INFO] Mission start_time updated and DCS server restarted successfully.
2025-11-20 22:16:12,465 [INFO] ---- Hour persistence process DONE ----
2025-11-20 22:16:12,465 [INFO] ---- Weather rotation process START ----
2025-11-20 22:16:12,465 [INFO] [Weather] ==== Starting dynamic weather rotation ====
2025-11-20 22:16:12,465 [INFO] [Weather] Mission file: C:\Users\dcsadmin\Saved Games\DCS.dcs_serverrelease\missions\MA_Foothold_SI_extended_2.5.1_Coldwar-Modern.miz
2025-11-20 22:16:12,465 [INFO] [Weather] Season: realistic
2025-11-20 22:16:12,465 [INFO] [Weather] Bad weather percentage: 100%
2025-11-20 22:16:12,466 [INFO] [Weather] Checking if DCS_server.exe is running...
2025-11-20 22:16:12,466 [INFO] [Weather] DCS_server.exe detected (PID 300). Stopping it to update weather...
2025-11-20 22:16:12,466 [INFO] [Notifier] Sending INFO notification to Discord...
2025-11-20 22:16:13,189 [INFO] [Weather] DCS_server.exe stopped successfully. Waiting 15 seconds...
2025-11-20 22:16:28,190 [INFO] [Weather] Running 7zip: C:\Program Files\7-Zip\7z.exe e C:\Users\dcsadmin\Saved Games\DCS.dcs_serverrelease\missions\MA_Foothold_SI_extended_2.5.1_Coldwar-Modern.miz mission -oC:\Users\dcsadmin\AppData\Local\Temp\tmpqytdlbmd -y
2025-11-20 22:16:28,245 [INFO] [Weather] Setting mission date for season 'realistic': 20-11-2025
2025-11-20 22:16:28,247 [INFO] [Weather] Bad weather percentage: 100%. Roll: 39
2025-11-20 22:16:28,248 [INFO] [Weather] Selecting BAD weather template.
2025-11-20 22:16:28,248 [INFO] [Weather] Selected weather template: D:\Persistencia\app\weather\bad_weather\kola-presset-nieve-niebla-atuan.config
2025-11-20 22:16:28,276 [INFO] [Weather] Running 7zip: C:\Program Files\7-Zip\7z.exe u C:\Users\dcsadmin\Saved Games\DCS.dcs_serverrelease\missions\MA_Foothold_SI_extended_2.5.1_Coldwar-Modern.miz C:\Users\dcsadmin\AppData\Local\Temp\tmpqytdlbmd\mission -y
2025-11-20 22:16:28,736 [INFO] [Weather] Starting DCS server: C:\Program Files\Eagle Dynamics\DCS World Server\bin\DCS_server.exe
2025-11-20 22:16:28,738 [INFO] [Weather] DCS_server.exe started successfully.
2025-11-20 22:16:28,739 [INFO] [Notifier] Sending INFO notification to Discord...
2025-11-20 22:16:29,522 [INFO] [Weather] Dynamic weather rotation completed and DCS server restarted.
2025-11-20 22:16:29,523 [INFO] ---- Weather rotation process DONE ----
2025-11-20 22:16:29,523 [INFO] ==== DCS Persistence Orchestrator COMPLETED SUCCESSFULLY ====
2025-11-20 22:28:48,970 [INFO] ==== Starting DCS Persistence Orchestrator ====
2025-11-20 22:28:48,971 [INFO] Hour persistence enabled: True
2025-11-20 22:28:48,971 [INFO] Weather rotation enabled: True
2025-11-20 22:28:48,971 [INFO] ---- Hour persistence process START ----
2025-11-20 22:28:48,971 [INFO] Starting DCS WebGUI mission time extraction...
2025-11-20 22:28:50,579 [INFO] Waiting for 'Server detected' popup...
2025-11-20 22:28:51,115 [INFO] Server detected!
2025-11-20 22:28:51,115 [INFO] Clicking CONNECT button...
2025-11-20 22:28:51,187 [INFO] Waiting 20 seconds for dashboard to load...
2025-11-20 22:29:11,188 [INFO] Extracting mission filename from dashboard...
2025-11-20 22:29:11,214 [INFO] Loaded mission: C:\Users\dcsadmin\Saved Games\DCS.dcs_serverrelease\Missions\MA_Foothold_SI_extended_2.5.1_Coldwar-Modern.miz
2025-11-20 22:29:11,215 [INFO] Normalized loaded:   c:/users/dcsadmin/saved games/dcs.dcs_serverrelease/missions/ma_foothold_si_extended_2.5.1_coldwar-modern.miz
2025-11-20 22:29:11,215 [INFO] Normalized expected: c:/users/dcsadmin/saved games/dcs.dcs_serverrelease/missions/ma_foothold_si_extended_2.5.1_coldwar-modern.miz
2025-11-20 22:29:11,215 [INFO] Extracting mission time...
2025-11-20 22:29:11,234 [INFO] Mission time extracted: 00:03:01 (181 seconds)
2025-11-20 22:29:13,428 [INFO] Mission time extracted successfully: 00:03:01 (181 seconds)
2025-11-20 22:29:13,428 [INFO] Saved extracted time into extracted_time.json
2025-11-20 22:29:13,428 [INFO] Updating mission .miz start_time...
2025-11-20 22:29:13,429 [INFO] Preparing to update MIZ: C:\Users\dcsadmin\Saved Games\DCS.dcs_serverrelease\missions\MA_Foothold_SI_extended_2.5.1_Coldwar-Modern.miz
2025-11-20 22:29:13,429 [INFO] Seconds to add to start_time: 181
2025-11-20 22:29:13,429 [INFO] Checking if DCS_server.exe is running...
2025-11-20 22:29:13,438 [INFO] DCS_server.exe detected (PID 13364). Stopping it to update mission...
2025-11-20 22:29:13,438 [INFO] [Notifier] Sending INFO notification to Discord...
2025-11-20 22:29:14,162 [INFO] DCS_server.exe stopped successfully. Waiting 15 seconds before mission update...
2025-11-20 22:29:29,165 [INFO] Running 7zip: C:\Program Files\7-Zip\7z.exe e C:\Users\dcsadmin\Saved Games\DCS.dcs_serverrelease\missions\MA_Foothold_SI_extended_2.5.1_Coldwar-Modern.miz mission -oC:\Users\dcsadmin\AppData\Local\Temp\tmptfjs_2d9 -y
2025-11-20 22:29:29,266 [INFO] Original start_time (last occurrence): 19800
2025-11-20 22:29:29,266 [INFO] New start_time: 19981
2025-11-20 22:29:29,327 [INFO] Running 7zip: C:\Program Files\7-Zip\7z.exe u C:\Users\dcsadmin\Saved Games\DCS.dcs_serverrelease\missions\MA_Foothold_SI_extended_2.5.1_Coldwar-Modern.miz C:\Users\dcsadmin\AppData\Local\Temp\tmptfjs_2d9\mission -y
2025-11-20 22:29:29,791 [INFO] Starting DCS server: C:\Program Files\Eagle Dynamics\DCS World Server\bin\DCS_server.exe
2025-11-20 22:29:29,795 [INFO] DCS_server.exe started successfully.
2025-11-20 22:29:29,796 [INFO] [Notifier] Sending INFO notification to Discord...
2025-11-20 22:29:30,548 [INFO] Mission start_time updated and DCS server restarted successfully.
2025-11-20 22:29:30,549 [INFO] ---- Hour persistence process DONE ----
2025-11-20 22:29:30,549 [INFO] ---- Weather rotation process START ----
2025-11-20 22:29:30,549 [INFO] [Weather] ==== Starting dynamic weather rotation ====
2025-11-20 22:29:30,550 [INFO] [Weather] Mission file: C:\Users\dcsadmin\Saved Games\DCS.dcs_serverrelease\missions\MA_Foothold_SI_extended_2.5.1_Coldwar-Modern.miz
2025-11-20 22:29:30,550 [INFO] [Weather] Season: realistic
2025-11-20 22:29:30,550 [INFO] [Weather] Bad weather percentage: 30%
2025-11-20 22:29:30,550 [INFO] [Weather] Checking if DCS_server.exe is running...
2025-11-20 22:29:30,552 [INFO] [Weather] DCS_server.exe detected (PID 15164). Stopping it to update weather...
2025-11-20 22:29:30,552 [INFO] [Notifier] Sending INFO notification to Discord...
2025-11-20 22:29:31,284 [INFO] [Weather] DCS_server.exe stopped successfully. Waiting 15 seconds...
2025-11-20 22:29:46,285 [INFO] [Weather] Running 7zip: C:\Program Files\7-Zip\7z.exe e C:\Users\dcsadmin\Saved Games\DCS.dcs_serverrelease\missions\MA_Foothold_SI_extended_2.5.1_Coldwar-Modern.miz mission -oC:\Users\dcsadmin\AppData\Local\Temp\tmpjxpxqpwp -y
2025-11-20 22:29:46,347 [INFO] [Weather] Setting mission date for season 'realistic': 20-11-2025
2025-11-20 22:29:46,352 [INFO] [Weather] Bad weather percentage: 30%. Roll: 90
2025-11-20 22:29:46,352 [INFO] [Weather] Selecting GOOD weather template.
2025-11-20 22:29:46,352 [INFO] [Weather] Selected weather template: D:\Persistencia\app\weather\good_weather\nothing.config
2025-11-20 22:29:46,368 [INFO] [Weather] Running 7zip: C:\Program Files\7-Zip\7z.exe u C:\Users\dcsadmin\Saved Games\DCS.dcs_serverrelease\missions\MA_Foothold_SI_extended_2.5.1_Coldwar-Modern.miz C:\Users\dcsadmin\AppData\Local\Temp\tmpjxpxqpwp\mission -y
2025-11-20 22:29:46,836 [INFO] [Weather] Starting DCS server: C:\Program Files\Eagle Dynamics\DCS World Server\bin\DCS_server.exe
2025-11-20 22:29:46,840 [INFO] [Weather] DCS_server.exe started successfully.
2025-11-20 22:29:46,840 [INFO] [Notifier] Sending INFO notification to Discord...
2025-11-20 22:29:47,659 [INFO] [Weather] Dynamic weather rotation completed and DCS server restarted.
2025-11-20 22:29:47,660 [INFO] ---- Weather rotation process DONE ----
2025-11-20 22:29:47,660 [INFO] ==== DCS Persistence Orchestrator COMPLETED SUCCESSFULLY ====
